<?xml version="1.0" encoding="UTF-8"?>
<!-- Generated by org.testng.reporters.JUnitXMLReporter -->
<testsuite hostname="LAPTOP-0Q9B2C7H" ignored="0" name="Default test" tests="2" failures="1" timestamp="2020-08-08T20:05:46 IST" time="24.086" errors="0">
  <testcase name="clickonLoginTest" time="23.052" classname="com.demo.testcases.ManagePayerAddPayerTest"/>
  <testcase name="AddPayerTest" time="0.299" classname="com.demo.testcases.ManagePayerAddPayerTest">
    <failure type="org.testng.internal.reflect.MethodMatcherException" message="
[public void com.demo.testcases.ManagePayerAddPayerTest.AddPayerTest(java.util.HashMap) throws java.lang.Throwable] has no parameters defined but was found to be using a data provider (either explicitly specified or inherited from class level annotation).
Data provider mismatch
Method: AddPayerTest([Parameter{index=0, type=java.util.HashMap, declaredAnnotations=[]}])
Arguments: [(java.lang.String) Business,(java.lang.String) 8.89574637E8,(java.lang.String) ,(java.lang.String) ,(java.lang.String) ,(java.lang.String) ,(java.lang.String) TestOne,(java.lang.String) us,(java.lang.String) ,(java.lang.String) usa,(java.lang.String) City,(java.lang.String) Alabama,(java.lang.String) 35010.0,(java.lang.String) United State Of America,(java.lang.String) ,(java.lang.String) 1.2345679E8,(java.lang.String) prasad@zenwork.com,(java.lang.String) ,(java.lang.String) ,(java.lang.String) 12345.0]">
      <![CDATA[org.testng.internal.reflect.MethodMatcherException: 
[public void com.demo.testcases.ManagePayerAddPayerTest.AddPayerTest(java.util.HashMap) throws java.lang.Throwable] has no parameters defined but was found to be using a data provider (either explicitly specified or inherited from class level annotation).
Data provider mismatch
Method: AddPayerTest([Parameter{index=0, type=java.util.HashMap, declaredAnnotations=[]}])
Arguments: [(java.lang.String) Business,(java.lang.String) 8.89574637E8,(java.lang.String) ,(java.lang.String) ,(java.lang.String) ,(java.lang.String) ,(java.lang.String) TestOne,(java.lang.String) us,(java.lang.String) ,(java.lang.String) usa,(java.lang.String) City,(java.lang.String) Alabama,(java.lang.String) 35010.0,(java.lang.String) United State Of America,(java.lang.String) ,(java.lang.String) 1.2345679E8,(java.lang.String) prasad@zenwork.com,(java.lang.String) ,(java.lang.String) ,(java.lang.String) 12345.0]
at org.testng.internal.reflect.DataProviderMethodMatcher.getConformingArguments(DataProviderMethodMatcher.java:43)
at org.testng.internal.Parameters.injectParameters(Parameters.java:909)
at org.testng.internal.MethodRunner.runInSequence(MethodRunner.java:34)
at org.testng.internal.TestInvoker$MethodInvocationAgent.invoke(TestInvoker.java:816)
at org.testng.internal.TestInvoker.invokeTestMethods(TestInvoker.java:146)
at org.testng.internal.TestMethodWorker.invokeTestMethods(TestMethodWorker.java:146)
at org.testng.internal.TestMethodWorker.run(TestMethodWorker.java:128)
at java.util.ArrayList.forEach(ArrayList.java:1257)
at org.testng.TestRunner.privateRun(TestRunner.java:766)
at org.testng.TestRunner.run(TestRunner.java:587)
at org.testng.SuiteRunner.runTest(SuiteRunner.java:384)
at org.testng.SuiteRunner.runSequentially(SuiteRunner.java:378)
at org.testng.SuiteRunner.privateRun(SuiteRunner.java:337)
at org.testng.SuiteRunner.run(SuiteRunner.java:286)
at org.testng.SuiteRunnerWorker.runSuite(SuiteRunnerWorker.java:53)
at org.testng.SuiteRunnerWorker.run(SuiteRunnerWorker.java:96)
at org.testng.TestNG.runSuitesSequentially(TestNG.java:1187)
at org.testng.TestNG.runSuitesLocally(TestNG.java:1109)
at org.testng.TestNG.runSuites(TestNG.java:1039)
at org.testng.TestNG.run(TestNG.java:1007)
at org.testng.remote.AbstractRemoteTestNG.run(AbstractRemoteTestNG.java:115)
at org.testng.remote.RemoteTestNG.initAndRun(RemoteTestNG.java:251)
at org.testng.remote.RemoteTestNG.main(RemoteTestNG.java:77)
]]>
    </failure>
  </testcase> <!-- AddPayerTest -->
</testsuite> <!-- Default test -->
