<?xml version="1.0" encoding="UTF-8"?>
<!-- Generated by org.testng.reporters.JUnitXMLReporter -->
<testsuite hostname="LAPTOP-0Q9B2C7H" ignored="0" name="Default test" tests="3" failures="0" timestamp="2020-08-05T22:20:07 IST" time="41.926" errors="0">
  <testcase name="GetTitle" time="0.014" classname="com.demo.testcases.BeforeLoginTest"/>
  <testcase name="verifyTitle" time="0.045" classname="com.demo.testcases.BeforeLoginTest"/>
  <testcase name="verifyouterTax1099Logo" time="0.336" classname="com.demo.testcases.BeforeLoginTest"/>
</testsuite> <!-- Default test -->
