<?xml version="1.0" encoding="UTF-8"?>
<testng-results ignored="0" total="11" passed="11" failed="0" skipped="0">
  <reporter-output>
  </reporter-output>
  <suite started-at="2021-02-05T19:19:46 IST" name="Default suite" finished-at="2021-02-05T19:50:46 IST" duration-ms="1859876">
    <groups>
    </groups>
    <test started-at="2021-02-05T19:19:46 IST" name="Default test" finished-at="2021-02-05T19:50:46 IST" duration-ms="1859876">
      <class name="com.demo.testcases.TC_MISC_WorkingFlow_001">
        <test-method is-config="true" signature="loadConfig()[pri:0, instance:com.demo.testcases.TC_MISC_WorkingFlow_001@1de76cc7]" started-at="2021-02-05T19:19:46 IST" name="loadConfig" finished-at="2021-02-05T19:19:46 IST" duration-ms="138" status="PASS">
          <reporter-output>
          </reporter-output>
        </test-method> <!-- loadConfig -->
        <test-method signature="clickonLoginTest(java.lang.String, java.lang.String)[pri:1, instance:com.demo.testcases.TC_MISC_WorkingFlow_001@1de76cc7]" started-at="2021-02-05T19:19:47 IST" name="clickonLoginTest" data-provider="credentials" finished-at="2021-02-05T19:23:13 IST" duration-ms="206495" status="PASS">
          <params>
            <param index="0">
              <value>
                <![CDATA[prasad@zenwork.com]]>
              </value>
            </param>
            <param index="1">
              <value>
                <![CDATA[Prasad@123]]>
              </value>
            </param>
          </params>
          <reporter-output>
          </reporter-output>
        </test-method> <!-- clickonLoginTest -->
        <test-method signature="navigate_1099MISCform()[pri:2, instance:com.demo.testcases.TC_MISC_WorkingFlow_001@1de76cc7]" started-at="2021-02-05T19:23:13 IST" name="navigate_1099MISCform" finished-at="2021-02-05T19:27:13 IST" duration-ms="240293" status="PASS">
          <reporter-output>
          </reporter-output>
        </test-method> <!-- navigate_1099MISCform -->
        <test-method signature="form_addpayer(java.util.HashMap)[pri:3, instance:com.demo.testcases.TC_MISC_WorkingFlow_001@1de76cc7]" started-at="2021-02-05T19:27:14 IST" name="form_addpayer" data-provider="addpayerrandombusinessein" finished-at="2021-02-05T19:35:31 IST" duration-ms="497816" status="PASS">
          <params>
            <param index="0">
              <value>
                <![CDATA[{zipcode=35010, address=us, withholdingortaxstateid=R123456789, clientid=12345, city=us, phone=1234567890, State=Alabama, Country=United States of America, suffix=Sr, line2=usa, email=prasad@test1.com}]]>
              </value>
            </param>
          </params>
          <reporter-output>
          </reporter-output>
        </test-method> <!-- form_addpayer -->
        <test-method signature="form_addRecipient()[pri:4, instance:com.demo.testcases.TC_MISC_WorkingFlow_001@1de76cc7]" started-at="2021-02-05T19:35:31 IST" name="form_addRecipient" finished-at="2021-02-05T19:38:24 IST" duration-ms="172543" status="PASS">
          <reporter-output>
          </reporter-output>
        </test-method> <!-- form_addRecipient -->
        <test-method signature="singleBox()[pri:5, instance:com.demo.testcases.TC_MISC_WorkingFlow_001@1de76cc7]" started-at="2021-02-05T19:38:24 IST" name="singleBox" finished-at="2021-02-05T19:38:24 IST" duration-ms="51" status="PASS">
          <reporter-output>
          </reporter-output>
        </test-method> <!-- singleBox -->
        <test-method signature="saveForm1099()[pri:6, instance:com.demo.testcases.TC_MISC_WorkingFlow_001@1de76cc7]" started-at="2021-02-05T19:38:24 IST" name="saveForm1099" finished-at="2021-02-05T19:39:44 IST" duration-ms="80495" status="PASS">
          <reporter-output>
          </reporter-output>
        </test-method> <!-- saveForm1099 -->
        <test-method signature="validateVES_data()[pri:7, instance:com.demo.testcases.TC_MISC_WorkingFlow_001@1de76cc7]" started-at="2021-02-05T19:39:44 IST" name="validateVES_data" finished-at="2021-02-05T19:47:25 IST" duration-ms="460559" status="PASS">
          <reporter-output>
          </reporter-output>
        </test-method> <!-- validateVES_data -->
        <test-method signature="launch_paymentPage()[pri:8, instance:com.demo.testcases.TC_MISC_WorkingFlow_001@1de76cc7]" started-at="2021-02-05T19:47:25 IST" name="launch_paymentPage" finished-at="2021-02-05T19:49:18 IST" duration-ms="113191" status="PASS">
          <reporter-output>
          </reporter-output>
        </test-method> <!-- launch_paymentPage -->
        <test-method signature="paymentpage_validations()[pri:9, instance:com.demo.testcases.TC_MISC_WorkingFlow_001@1de76cc7]" started-at="2021-02-05T19:49:18 IST" name="paymentpage_validations" finished-at="2021-02-05T19:50:09 IST" duration-ms="50981" status="PASS">
          <reporter-output>
          </reporter-output>
        </test-method> <!-- paymentpage_validations -->
        <test-method signature="payment_confirmationPage()[pri:10, instance:com.demo.testcases.TC_MISC_WorkingFlow_001@1de76cc7]" started-at="2021-02-05T19:50:09 IST" name="payment_confirmationPage" finished-at="2021-02-05T19:50:28 IST" duration-ms="18995" status="PASS">
          <reporter-output>
          </reporter-output>
        </test-method> <!-- payment_confirmationPage -->
        <test-method signature="filing_history()[pri:11, instance:com.demo.testcases.TC_MISC_WorkingFlow_001@1de76cc7]" started-at="2021-02-05T19:50:28 IST" name="filing_history" finished-at="2021-02-05T19:50:46 IST" duration-ms="17989" status="PASS">
          <reporter-output>
          </reporter-output>
        </test-method> <!-- filing_history -->
        <test-method is-config="true" signature="afterSuite()[pri:0, instance:com.demo.testcases.TC_MISC_WorkingFlow_001@1de76cc7]" started-at="2021-02-05T19:50:46 IST" name="afterSuite" finished-at="2021-02-05T19:50:46 IST" duration-ms="1" status="PASS">
          <reporter-output>
          </reporter-output>
        </test-method> <!-- afterSuite -->
      </class> <!-- com.demo.testcases.TC_MISC_WorkingFlow_001 -->
    </test> <!-- Default test -->
  </suite> <!-- Default suite -->
</testng-results>
