<?xml version="1.0" encoding="UTF-8"?>
<testng-results ignored="0" total="2" passed="2" failed="0" skipped="0">
  <reporter-output>
  </reporter-output>
  <suite started-at="2021-02-03T15:49:39 IST" name="Default suite" finished-at="2021-02-03T15:57:31 IST" duration-ms="472408">
    <groups>
    </groups>
    <test started-at="2021-02-03T15:49:39 IST" name="Default test" finished-at="2021-02-03T15:57:31 IST" duration-ms="472408">
      <class name="com.demo.testcases.testsample">
        <test-method is-config="true" signature="loadConfig()[pri:0, instance:com.demo.testcases.testsample@74751b3]" started-at="2021-02-03T15:49:39 IST" name="loadConfig" finished-at="2021-02-03T15:49:39 IST" duration-ms="144" status="PASS">
          <reporter-output>
          </reporter-output>
        </test-method> <!-- loadConfig -->
        <test-method signature="clickonLoginTest(java.lang.String, java.lang.String)[pri:1, instance:com.demo.testcases.testsample@74751b3]" started-at="2021-02-03T15:49:39 IST" name="clickonLoginTest" data-provider="credentials" finished-at="2021-02-03T15:53:06 IST" duration-ms="206423" status="PASS">
          <params>
            <param index="0">
              <value>
                <![CDATA[prasad@zenwork.com]]>
              </value>
            </param>
            <param index="1">
              <value>
                <![CDATA[Prasad@123]]>
              </value>
            </param>
          </params>
          <reporter-output>
          </reporter-output>
        </test-method> <!-- clickonLoginTest -->
        <test-method signature="Navigate_payer()[pri:2, instance:com.demo.testcases.testsample@74751b3]" started-at="2021-02-03T15:53:06 IST" name="Navigate_payer" finished-at="2021-02-03T15:57:31 IST" duration-ms="265606" status="PASS">
          <reporter-output>
          </reporter-output>
        </test-method> <!-- Navigate_payer -->
        <test-method is-config="true" signature="afterSuite()[pri:0, instance:com.demo.testcases.testsample@74751b3]" started-at="2021-02-03T15:57:31 IST" name="afterSuite" finished-at="2021-02-03T15:57:31 IST" duration-ms="1" status="PASS">
          <reporter-output>
          </reporter-output>
        </test-method> <!-- afterSuite -->
      </class> <!-- com.demo.testcases.testsample -->
    </test> <!-- Default test -->
  </suite> <!-- Default suite -->
</testng-results>
