<?xml version="1.0" encoding="UTF-8"?>
<testng-results skipped="0" failed="0" ignored="2" total="6" passed="4">
  <reporter-output>
  </reporter-output>
  <suite name="Suite" duration-ms="64518" started-at="2020-08-06T22:56:26 IST" finished-at="2020-08-06T22:57:30 IST">
    <groups>
    </groups>
    <test name="Test" duration-ms="64518" started-at="2020-08-06T22:56:26 IST" finished-at="2020-08-06T22:57:30 IST">
      <class name="com.demo.testcases.BeforeLoginTest">
        <test-method status="PASS" signature="setUp()[pri:0, instance:com.demo.testcases.BeforeLoginTest@27a8c74e]" name="setUp" is-config="true" duration-ms="13694" started-at="2020-08-06T22:56:47 IST" finished-at="2020-08-06T22:57:01 IST">
          <reporter-output>
          </reporter-output>
        </test-method> <!-- setUp -->
        <test-method status="PASS" signature="GetTitle()[pri:0, instance:com.demo.testcases.BeforeLoginTest@27a8c74e]" name="GetTitle" duration-ms="6" started-at="2020-08-06T22:57:01 IST" finished-at="2020-08-06T22:57:01 IST">
          <reporter-output>
          </reporter-output>
        </test-method> <!-- GetTitle -->
        <test-method status="PASS" signature="teardown()[pri:0, instance:com.demo.testcases.BeforeLoginTest@27a8c74e]" name="teardown" is-config="true" duration-ms="843" started-at="2020-08-06T22:57:01 IST" finished-at="2020-08-06T22:57:02 IST">
          <reporter-output>
          </reporter-output>
        </test-method> <!-- teardown -->
        <test-method status="PASS" signature="setUp()[pri:0, instance:com.demo.testcases.BeforeLoginTest@27a8c74e]" name="setUp" is-config="true" duration-ms="13603" started-at="2020-08-06T22:57:02 IST" finished-at="2020-08-06T22:57:15 IST">
          <reporter-output>
          </reporter-output>
        </test-method> <!-- setUp -->
        <test-method status="PASS" signature="verifyTitle()[pri:0, instance:com.demo.testcases.BeforeLoginTest@27a8c74e]" name="verifyTitle" duration-ms="90" started-at="2020-08-06T22:57:15 IST" finished-at="2020-08-06T22:57:16 IST">
          <reporter-output>
          </reporter-output>
        </test-method> <!-- verifyTitle -->
        <test-method status="PASS" signature="teardown()[pri:0, instance:com.demo.testcases.BeforeLoginTest@27a8c74e]" name="teardown" is-config="true" duration-ms="844" started-at="2020-08-06T22:57:16 IST" finished-at="2020-08-06T22:57:16 IST">
          <reporter-output>
          </reporter-output>
        </test-method> <!-- teardown -->
        <test-method status="PASS" signature="setUp()[pri:0, instance:com.demo.testcases.BeforeLoginTest@27a8c74e]" name="setUp" is-config="true" duration-ms="13005" started-at="2020-08-06T22:57:16 IST" finished-at="2020-08-06T22:57:29 IST">
          <reporter-output>
          </reporter-output>
        </test-method> <!-- setUp -->
        <test-method status="PASS" signature="verifyouterTax1099Logo()[pri:0, instance:com.demo.testcases.BeforeLoginTest@27a8c74e]" name="verifyouterTax1099Logo" duration-ms="166" started-at="2020-08-06T22:57:29 IST" finished-at="2020-08-06T22:57:30 IST">
          <reporter-output>
          </reporter-output>
        </test-method> <!-- verifyouterTax1099Logo -->
        <test-method status="PASS" signature="teardown()[pri:0, instance:com.demo.testcases.BeforeLoginTest@27a8c74e]" name="teardown" is-config="true" duration-ms="943" started-at="2020-08-06T22:57:30 IST" finished-at="2020-08-06T22:57:30 IST">
          <reporter-output>
          </reporter-output>
        </test-method> <!-- teardown -->
      </class> <!-- com.demo.testcases.BeforeLoginTest -->
      <class name="com.demo.testcases.LoginTest">
        <test-method status="PASS" signature="loadConfig()[pri:0, instance:com.demo.testcases.LoginTest@33f88ab]" name="loadConfig" is-config="true" duration-ms="196" started-at="2020-08-06T22:56:26 IST" finished-at="2020-08-06T22:56:26 IST">
          <reporter-output>
          </reporter-output>
        </test-method> <!-- loadConfig -->
        <test-method status="PASS" signature="setUp()[pri:0, instance:com.demo.testcases.LoginTest@33f88ab]" name="setUp" is-config="true" duration-ms="12550" started-at="2020-08-06T22:56:27 IST" finished-at="2020-08-06T22:56:39 IST">
          <reporter-output>
          </reporter-output>
        </test-method> <!-- setUp -->
        <test-method status="PASS" signature="clickonLogin(java.lang.String, java.lang.String)[pri:0, instance:com.demo.testcases.LoginTest@33f88ab]" name="clickonLogin" duration-ms="7380" started-at="2020-08-06T22:56:39 IST" data-provider="credentials" finished-at="2020-08-06T22:56:47 IST">
          <params>
            <param index="0">
              <value>
                <![CDATA[prasad@zenwork.com]]>
              </value>
            </param>
            <param index="1">
              <value>
                <![CDATA[Prasad@123]]>
              </value>
            </param>
          </params>
          <reporter-output>
          </reporter-output>
        </test-method> <!-- clickonLogin -->
        <test-method status="PASS" signature="teardown()[pri:0, instance:com.demo.testcases.LoginTest@33f88ab]" name="teardown" is-config="true" duration-ms="731" started-at="2020-08-06T22:56:47 IST" finished-at="2020-08-06T22:56:47 IST">
          <reporter-output>
          </reporter-output>
        </test-method> <!-- teardown -->
        <test-method status="PASS" signature="afterSuite()[pri:0, instance:com.demo.testcases.LoginTest@33f88ab]" name="afterSuite" is-config="true" duration-ms="571" started-at="2020-08-06T22:57:31 IST" finished-at="2020-08-06T22:57:31 IST">
          <reporter-output>
          </reporter-output>
        </test-method> <!-- afterSuite -->
      </class> <!-- com.demo.testcases.LoginTest -->
    </test> <!-- Test -->
  </suite> <!-- Suite -->
</testng-results>
