<?xml version="1.0" encoding="UTF-8"?>
<testng-results ignored="0" total="8" passed="8" failed="0" skipped="0">
  <reporter-output>
  </reporter-output>
  <suite started-at="2021-04-08T10:23:03 IST" name="Default suite" finished-at="2021-04-08T10:43:19 IST" duration-ms="1215975">
    <groups>
    </groups>
    <test started-at="2021-04-08T10:23:03 IST" name="Default test" finished-at="2021-04-08T10:43:19 IST" duration-ms="1215975">
      <class name="com.demo.testcases.TC_NEC_AL_WH_Yes_02">
        <test-method is-config="true" signature="loadConfig()[pri:0, instance:com.demo.testcases.TC_NEC_AL_WH_Yes_02@316bcf94]" started-at="2021-04-08T10:23:02 IST" name="loadConfig" finished-at="2021-04-08T10:23:03 IST" duration-ms="148" status="PASS">
          <reporter-output>
          </reporter-output>
        </test-method> <!-- loadConfig -->
        <test-method signature="clickonLoginTest(java.lang.String, java.lang.String)[pri:1, instance:com.demo.testcases.TC_NEC_AL_WH_Yes_02@316bcf94]" started-at="2021-04-08T10:23:04 IST" name="clickonLoginTest" data-provider="credentials" finished-at="2021-04-08T10:25:59 IST" duration-ms="175534" status="PASS">
          <params>
            <param index="0">
              <value>
                <![CDATA[prasad@zenwork.com]]>
              </value>
            </param>
            <param index="1">
              <value>
                <![CDATA[Prasad@123]]>
              </value>
            </param>
          </params>
          <reporter-output>
          </reporter-output>
        </test-method> <!-- clickonLoginTest -->
        <test-method signature="navigate_necform()[pri:2, instance:com.demo.testcases.TC_NEC_AL_WH_Yes_02@316bcf94]" started-at="2021-04-08T10:25:59 IST" name="navigate_necform" finished-at="2021-04-08T10:28:40 IST" duration-ms="160642" status="PASS">
          <reporter-output>
          </reporter-output>
        </test-method> <!-- navigate_necform -->
        <test-method signature="form_addpayer(java.util.HashMap)[pri:3, instance:com.demo.testcases.TC_NEC_AL_WH_Yes_02@316bcf94]" started-at="2021-04-08T10:28:40 IST" name="form_addpayer" data-provider="addpayerrandombusinessein" finished-at="2021-04-08T10:34:25 IST" duration-ms="344644" status="PASS">
          <params>
            <param index="0">
              <value>
                <![CDATA[{zipcode=35010, address=us, withholdingortaxstateid=R123456789, clientid=12345, city=us, phone=1234567890, State=Alabama, Country=United States of America, suffix=Sr, line2=usa, email=prasad@test1.com}]]>
              </value>
            </param>
          </params>
          <reporter-output>
          </reporter-output>
        </test-method> <!-- form_addpayer -->
        <test-method signature="whamount_AL()[pri:4, instance:com.demo.testcases.TC_NEC_AL_WH_Yes_02@316bcf94]" started-at="2021-04-08T10:34:25 IST" name="whamount_AL" finished-at="2021-04-08T10:34:40 IST" duration-ms="15079" status="PASS">
          <reporter-output>
          </reporter-output>
        </test-method> <!-- whamount_AL -->
        <test-method signature="add_Recpt_boxamt()[pri:5, instance:com.demo.testcases.TC_NEC_AL_WH_Yes_02@316bcf94]" started-at="2021-04-08T10:34:40 IST" name="add_Recpt_boxamt" finished-at="2021-04-08T10:39:57 IST" duration-ms="317283" status="PASS">
          <reporter-output>
          </reporter-output>
        </test-method> <!-- add_Recpt_boxamt -->
        <test-method signature="unCheck_necVES_Wh()[pri:6, instance:com.demo.testcases.TC_NEC_AL_WH_Yes_02@316bcf94]" started-at="2021-04-08T10:39:57 IST" name="unCheck_necVES_Wh" finished-at="2021-04-08T10:41:42 IST" duration-ms="105016" status="PASS">
          <reporter-output>
          </reporter-output>
        </test-method> <!-- unCheck_necVES_Wh -->
        <test-method signature="paymentpage_nostatfiling_NEC()[pri:7, instance:com.demo.testcases.TC_NEC_AL_WH_Yes_02@316bcf94]" started-at="2021-04-08T10:41:42 IST" name="paymentpage_nostatfiling_NEC" finished-at="2021-04-08T10:42:19 IST" duration-ms="36380" status="PASS">
          <reporter-output>
          </reporter-output>
        </test-method> <!-- paymentpage_nostatfiling_NEC -->
        <test-method signature="verify_MF_MSF_MRF()[pri:8, instance:com.demo.testcases.TC_NEC_AL_WH_Yes_02@316bcf94]" started-at="2021-04-08T10:42:19 IST" name="verify_MF_MSF_MRF" finished-at="2021-04-08T10:43:19 IST" duration-ms="60048" status="PASS">
          <reporter-output>
          </reporter-output>
        </test-method> <!-- verify_MF_MSF_MRF -->
        <test-method is-config="true" signature="afterSuite()[pri:0, instance:com.demo.testcases.TC_NEC_AL_WH_Yes_02@316bcf94]" started-at="2021-04-08T10:43:19 IST" name="afterSuite" finished-at="2021-04-08T10:43:19 IST" duration-ms="169" status="FAIL">
          <exception class="java.lang.NullPointerException">
            <message>
              <![CDATA[Cannot invoke "com.aventstack.extentreports.ExtentReports.flush()" because "com.demo.utility.ExtentManager.extent" is null]]>
            </message>
            <full-stacktrace>
              <![CDATA[java.lang.NullPointerException: Cannot invoke "com.aventstack.extentreports.ExtentReports.flush()" because "com.demo.utility.ExtentManager.extent" is null
at com.demo.utility.ExtentManager.endReport(ExtentManager.java:37)
at com.demo.Base.base.afterSuite(base.java:199)
at java.base/jdk.internal.reflect.NativeMethodAccessorImpl.invoke0(Native Method)
at java.base/jdk.internal.reflect.NativeMethodAccessorImpl.invoke(NativeMethodAccessorImpl.java:64)
at java.base/jdk.internal.reflect.DelegatingMethodAccessorImpl.invoke(DelegatingMethodAccessorImpl.java:43)
at java.base/java.lang.reflect.Method.invoke(Method.java:564)
at org.testng.internal.MethodInvocationHelper.invokeMethod(MethodInvocationHelper.java:132)
at org.testng.internal.MethodInvocationHelper.invokeMethodConsideringTimeout(MethodInvocationHelper.java:61)
at org.testng.internal.ConfigInvoker.invokeConfigurationMethod(ConfigInvoker.java:366)
at org.testng.internal.ConfigInvoker.invokeConfigurations(ConfigInvoker.java:320)
at org.testng.SuiteRunner.privateRun(SuiteRunner.java:351)
at org.testng.SuiteRunner.run(SuiteRunner.java:286)
at org.testng.SuiteRunnerWorker.runSuite(SuiteRunnerWorker.java:53)
at org.testng.SuiteRunnerWorker.run(SuiteRunnerWorker.java:96)
at org.testng.TestNG.runSuitesSequentially(TestNG.java:1218)
at org.testng.TestNG.runSuitesLocally(TestNG.java:1140)
at org.testng.TestNG.runSuites(TestNG.java:1069)
at org.testng.TestNG.run(TestNG.java:1037)
at org.testng.remote.AbstractRemoteTestNG.run(AbstractRemoteTestNG.java:115)
at org.testng.remote.RemoteTestNG.initAndRun(RemoteTestNG.java:251)
at org.testng.remote.RemoteTestNG.main(RemoteTestNG.java:77)
]]>
            </full-stacktrace>
          </exception> <!-- java.lang.NullPointerException -->
          <reporter-output>
          </reporter-output>
        </test-method> <!-- afterSuite -->
      </class> <!-- com.demo.testcases.TC_NEC_AL_WH_Yes_02 -->
    </test> <!-- Default test -->
  </suite> <!-- Default suite -->
</testng-results>
