<?xml version="1.0" encoding="UTF-8"?>
<testng-results ignored="0" total="15" passed="15" failed="0" skipped="0">
  <reporter-output>
  </reporter-output>
  <suite started-at="2021-03-10T18:43:46 IST" name="Default suite" finished-at="2021-03-10T19:14:36 IST" duration-ms="1849669">
    <groups>
    </groups>
    <test started-at="2021-03-10T18:43:46 IST" name="Default test" finished-at="2021-03-10T19:14:36 IST" duration-ms="1849669">
      <class name="com.demo.testcases.TC_MISC_GA_WH_Yes_03">
        <test-method is-config="true" signature="loadConfig()[pri:0, instance:com.demo.testcases.TC_MISC_GA_WH_Yes_03@2ea41516]" started-at="2021-03-10T18:43:46 IST" name="loadConfig" finished-at="2021-03-10T18:43:46 IST" duration-ms="148" status="PASS">
          <reporter-output>
          </reporter-output>
        </test-method> <!-- loadConfig -->
        <test-method signature="clickonLoginTest(java.lang.String, java.lang.String)[pri:1, instance:com.demo.testcases.TC_MISC_GA_WH_Yes_03@2ea41516]" started-at="2021-03-10T18:43:47 IST" name="clickonLoginTest" data-provider="credentials" finished-at="2021-03-10T18:46:50 IST" duration-ms="183275" status="PASS">
          <params>
            <param index="0">
              <value>
                <![CDATA[prasad@zenwork.com]]>
              </value>
            </param>
            <param index="1">
              <value>
                <![CDATA[Prasad@123]]>
              </value>
            </param>
          </params>
          <reporter-output>
          </reporter-output>
        </test-method> <!-- clickonLoginTest -->
        <test-method signature="navigate_miscform()[pri:2, instance:com.demo.testcases.TC_MISC_GA_WH_Yes_03@2ea41516]" started-at="2021-03-10T18:46:50 IST" name="navigate_miscform" finished-at="2021-03-10T18:50:51 IST" duration-ms="240667" status="PASS">
          <reporter-output>
          </reporter-output>
        </test-method> <!-- navigate_miscform -->
        <test-method signature="form_addpayer(java.util.HashMap)[pri:3, instance:com.demo.testcases.TC_MISC_GA_WH_Yes_03@2ea41516]" started-at="2021-03-10T18:50:51 IST" name="form_addpayer" data-provider="addpayerrandombusinessein" finished-at="2021-03-10T18:57:44 IST" duration-ms="413625" status="PASS">
          <params>
            <param index="0">
              <value>
                <![CDATA[{zipcode=35010, address=us, withholdingortaxstateid=R123456789, clientid=12345, city=us, phone=1234567890, State=Alabama, Country=United States of America, suffix=Sr, line2=usa, email=prasad@test1.com}]]>
              </value>
            </param>
          </params>
          <reporter-output>
          </reporter-output>
        </test-method> <!-- form_addpayer -->
        <test-method signature="add_Recpt_boxamt()[pri:4, instance:com.demo.testcases.TC_MISC_GA_WH_Yes_03@2ea41516]" started-at="2021-03-10T18:57:44 IST" name="add_Recpt_boxamt" finished-at="2021-03-10T19:01:08 IST" duration-ms="203454" status="PASS">
          <reporter-output>
          </reporter-output>
        </test-method> <!-- add_Recpt_boxamt -->
        <test-method signature="withHeld_amount_GA()[pri:5, instance:com.demo.testcases.TC_MISC_GA_WH_Yes_03@2ea41516]" started-at="2021-03-10T19:01:08 IST" name="withHeld_amount_GA" finished-at="2021-03-10T19:03:18 IST" duration-ms="130030" status="PASS">
          <reporter-output>
          </reporter-output>
        </test-method> <!-- withHeld_amount_GA -->
        <test-method signature="save_form()[pri:6, instance:com.demo.testcases.TC_MISC_GA_WH_Yes_03@2ea41516]" started-at="2021-03-10T19:03:18 IST" name="save_form" finished-at="2021-03-10T19:04:38 IST" duration-ms="80379" status="PASS">
          <reporter-output>
          </reporter-output>
        </test-method> <!-- save_form -->
        <test-method signature="VES_Page()[pri:7, instance:com.demo.testcases.TC_MISC_GA_WH_Yes_03@2ea41516]" started-at="2021-03-10T19:04:38 IST" name="VES_Page" finished-at="2021-03-10T19:05:56 IST" duration-ms="77339" status="PASS">
          <reporter-output>
          </reporter-output>
        </test-method> <!-- VES_Page -->
        <test-method signature="state_reconsillation_page()[pri:8, instance:com.demo.testcases.TC_MISC_GA_WH_Yes_03@2ea41516]" started-at="2021-03-10T19:05:56 IST" name="state_reconsillation_page" finished-at="2021-03-10T19:06:27 IST" duration-ms="31150" status="PASS">
          <reporter-output>
          </reporter-output>
        </test-method> <!-- state_reconsillation_page -->
        <test-method signature="form_details()[pri:9, instance:com.demo.testcases.TC_MISC_GA_WH_Yes_03@2ea41516]" started-at="2021-03-10T19:06:27 IST" name="form_details" finished-at="2021-03-10T19:06:59 IST" duration-ms="32459" status="PASS">
          <reporter-output>
          </reporter-output>
        </test-method> <!-- form_details -->
        <test-method signature="after_reconsillation_page()[pri:10, instance:com.demo.testcases.TC_MISC_GA_WH_Yes_03@2ea41516]" started-at="2021-03-10T19:06:59 IST" name="after_reconsillation_page" finished-at="2021-03-10T19:07:15 IST" duration-ms="15582" status="PASS">
          <reporter-output>
          </reporter-output>
        </test-method> <!-- after_reconsillation_page -->
        <test-method signature="payment_page()[pri:11, instance:com.demo.testcases.TC_MISC_GA_WH_Yes_03@2ea41516]" started-at="2021-03-10T19:07:15 IST" name="payment_page" finished-at="2021-03-10T19:09:35 IST" duration-ms="139950" status="PASS">
          <reporter-output>
          </reporter-output>
        </test-method> <!-- payment_page -->
        <test-method signature="manage_forms_SF_Reconcile()[pri:12, instance:com.demo.testcases.TC_MISC_GA_WH_Yes_03@2ea41516]" started-at="2021-03-10T19:09:35 IST" name="manage_forms_SF_Reconcile" finished-at="2021-03-10T19:11:38 IST" duration-ms="123385" status="PASS">
          <reporter-output>
          </reporter-output>
        </test-method> <!-- manage_forms_SF_Reconcile -->
        <test-method signature="statefiling_checkblockedstate()[pri:13, instance:com.demo.testcases.TC_MISC_GA_WH_Yes_03@2ea41516]" started-at="2021-03-10T19:11:38 IST" name="statefiling_checkblockedstate" finished-at="2021-03-10T19:13:38 IST" duration-ms="119332" status="PASS">
          <reporter-output>
          </reporter-output>
        </test-method> <!-- statefiling_checkblockedstate -->
        <test-method signature="managestate_forms_afterRelease()[pri:14, instance:com.demo.testcases.TC_MISC_GA_WH_Yes_03@2ea41516]" started-at="2021-03-10T19:13:38 IST" name="managestate_forms_afterRelease" finished-at="2021-03-10T19:14:15 IST" duration-ms="37276" status="PASS">
          <reporter-output>
          </reporter-output>
        </test-method> <!-- managestate_forms_afterRelease -->
        <test-method signature="manageReconsile_afterRelease()[pri:15, instance:com.demo.testcases.TC_MISC_GA_WH_Yes_03@2ea41516]" started-at="2021-03-10T19:14:15 IST" name="manageReconsile_afterRelease" finished-at="2021-03-10T19:14:36 IST" duration-ms="20864" status="PASS">
          <reporter-output>
          </reporter-output>
        </test-method> <!-- manageReconsile_afterRelease -->
        <test-method is-config="true" signature="afterSuite()[pri:0, instance:com.demo.testcases.TC_MISC_GA_WH_Yes_03@2ea41516]" started-at="2021-03-10T19:14:36 IST" name="afterSuite" finished-at="2021-03-10T19:14:36 IST" duration-ms="137" status="FAIL">
          <exception class="java.lang.NullPointerException">
            <message>
              <![CDATA[Cannot invoke "com.aventstack.extentreports.ExtentReports.flush()" because "com.demo.utility.ExtentManager.extent" is null]]>
            </message>
            <full-stacktrace>
              <![CDATA[java.lang.NullPointerException: Cannot invoke "com.aventstack.extentreports.ExtentReports.flush()" because "com.demo.utility.ExtentManager.extent" is null
at com.demo.utility.ExtentManager.endReport(ExtentManager.java:37)
at com.demo.Base.base.afterSuite(base.java:199)
at java.base/jdk.internal.reflect.NativeMethodAccessorImpl.invoke0(Native Method)
at java.base/jdk.internal.reflect.NativeMethodAccessorImpl.invoke(NativeMethodAccessorImpl.java:64)
at java.base/jdk.internal.reflect.DelegatingMethodAccessorImpl.invoke(DelegatingMethodAccessorImpl.java:43)
at java.base/java.lang.reflect.Method.invoke(Method.java:564)
at org.testng.internal.MethodInvocationHelper.invokeMethod(MethodInvocationHelper.java:132)
at org.testng.internal.MethodInvocationHelper.invokeMethodConsideringTimeout(MethodInvocationHelper.java:61)
at org.testng.internal.ConfigInvoker.invokeConfigurationMethod(ConfigInvoker.java:366)
at org.testng.internal.ConfigInvoker.invokeConfigurations(ConfigInvoker.java:320)
at org.testng.SuiteRunner.privateRun(SuiteRunner.java:351)
at org.testng.SuiteRunner.run(SuiteRunner.java:286)
at org.testng.SuiteRunnerWorker.runSuite(SuiteRunnerWorker.java:53)
at org.testng.SuiteRunnerWorker.run(SuiteRunnerWorker.java:96)
at org.testng.TestNG.runSuitesSequentially(TestNG.java:1218)
at org.testng.TestNG.runSuitesLocally(TestNG.java:1140)
at org.testng.TestNG.runSuites(TestNG.java:1069)
at org.testng.TestNG.run(TestNG.java:1037)
at org.testng.remote.AbstractRemoteTestNG.run(AbstractRemoteTestNG.java:115)
at org.testng.remote.RemoteTestNG.initAndRun(RemoteTestNG.java:251)
at org.testng.remote.RemoteTestNG.main(RemoteTestNG.java:77)
]]>
            </full-stacktrace>
          </exception> <!-- java.lang.NullPointerException -->
          <reporter-output>
          </reporter-output>
        </test-method> <!-- afterSuite -->
      </class> <!-- com.demo.testcases.TC_MISC_GA_WH_Yes_03 -->
    </test> <!-- Default test -->
  </suite> <!-- Default suite -->
</testng-results>
